<?xml version="1.0" encoding="UTF-8"?>
<!-- Generated by org.testng.reporters.JUnitReportReporter -->
<testsuite hostname="AdarshSingh-FVFG3WYGQ05D" failures="0" tests="25" name="com.browserstack.FirstTest" time="2695.389" errors="0" timestamp="2024-10-29T22:39:05 IST" skipped="0">
  <testcase classname="com.browserstack.FirstTest" name="test" time="77.336"/>
  <system-out/>
  <testcase classname="com.browserstack.FirstTest" name="test" time="119.899"/>
  <system-out/>
  <testcase classname="com.browserstack.FirstTest" name="test" time="134.781"/>
  <system-out/>
  <testcase classname="com.browserstack.FirstTest" name="test" time="117.552"/>
  <system-out/>
  <testcase classname="com.browserstack.FirstTest" name="test" time="71.388"/>
  <system-out/>
  <testcase classname="com.browserstack.FirstTest" name="test" time="118.687"/>
  <system-out/>
  <testcase classname="com.browserstack.FirstTest" name="test" time="122.646"/>
  <system-out/>
  <testcase classname="com.browserstack.FirstTest" name="test" time="81.688"/>
  <system-out/>
  <testcase classname="com.browserstack.FirstTest" name="test" time="90.066"/>
  <system-out/>
  <testcase classname="com.browserstack.FirstTest" name="test" time="118.754"/>
  <system-out/>
  <testcase classname="com.browserstack.FirstTest" name="test" time="80.871"/>
  <system-out/>
  <testcase classname="com.browserstack.FirstTest" name="test" time="117.565"/>
  <system-out/>
  <testcase classname="com.browserstack.FirstTest" name="test" time="93.117"/>
  <system-out/>
  <testcase classname="com.browserstack.FirstTest" name="test" time="128.884"/>
  <system-out/>
  <testcase classname="com.browserstack.FirstTest" name="test" time="159.822"/>
  <system-out/>
  <testcase classname="com.browserstack.FirstTest" name="test" time="119.916"/>
  <system-out/>
  <testcase classname="com.browserstack.FirstTest" name="test" time="86.861"/>
  <system-out/>
  <testcase classname="com.browserstack.FirstTest" name="test" time="126.291"/>
  <system-out/>
  <testcase classname="com.browserstack.FirstTest" name="test" time="74.600"/>
  <system-out/>
  <testcase classname="com.browserstack.FirstTest" name="test" time="118.098"/>
  <system-out/>
  <testcase classname="com.browserstack.FirstTest" name="test" time="83.980"/>
  <system-out/>
  <testcase classname="com.browserstack.FirstTest" name="test" time="119.847"/>
  <system-out/>
  <testcase classname="com.browserstack.FirstTest" name="test" time="106.322"/>
  <system-out/>
  <testcase classname="com.browserstack.FirstTest" name="test" time="81.960"/>
  <system-out/>
  <testcase classname="com.browserstack.FirstTest" name="test" time="144.458"/>
  <system-out/>
</testsuite> <!-- com.browserstack.FirstTest -->
